#
# A fatal error has been detected by the Java Runtime Environment:
#
#  Internal Error (javaClasses.cpp:129), pid=2388, tid=3504
#  fatal error: Invalid layout of preloaded class
#
# JRE version: 7.0_13-b20
# Java VM: Java HotSpot(TM) 64-Bit Server VM (23.7-b01 mixed mode windows-amd64 compressed oops)
# Failed to write core dump. Minidumps are not enabled by default on client versions of Windows
#
# If you would like to submit a bug report, please visit:
#   http://bugreport.sun.com/bugreport/crash.jsp
#

---------------  T H R E A D  ---------------

Current thread (0x00000000021cc800):  JavaThread "Unknown thread" [_thread_in_vm, id=3504, stack(0x0000000002520000,0x0000000002620000)]

Stack: [0x0000000002520000,0x0000000002620000]

---------------  P R O C E S S  ---------------

Java Threads: ( => current thread )

Other Threads:

=>0x00000000021cc800 (exited) JavaThread "Unknown thread" [_thread_in_vm, id=3504, stack(0x0000000002520000,0x0000000002620000)]

VM state:not at safepoint (not fully initialized)

VM Mutex/Monitor currently owned by a thread: None

GC Heap History (0 events):
No events

Deoptimization events (0 events):
No events

Internal exceptions (0 events):
No events

Events (10 events):
Event: 0.026 loading class 0x00000000020f0200 done
Event: 0.026 loading class 0x00000000020b1580 done
Event: 0.026 loading class 0x00000000020b1550
Event: 0.026 loading class 0x00000000086ec530
Event: 0.026 loading class 0x00000000086ec530 done
Event: 0.026 loading class 0x00000000086ec570
Event: 0.026 loading class 0x00000000086ec570 done
Event: 0.026 loading class 0x00000000086ed940
Event: 0.026 loading class 0x00000000086ed940 done
Event: 0.026 loading class 0x00000000020b1550 done


Dynamic libraries:
0x000000013fb60000 - 0x000000013fb93000 	C:\Program Files\Java\jre7\bin\javaw.exe
0x0000000077350000 - 0x00000000774f9000 	C:\windows\SYSTEM32\ntdll.dll
0x0000000077130000 - 0x000000007724f000 	C:\windows\system32\kernel32.dll
0x000007fefca30000 - 0x000007fefca9c000 	C:\windows\system32\KERNELBASE.dll
0x000007fefcb10000 - 0x000007fefcbeb000 	C:\windows\system32\ADVAPI32.dll
0x000007fefd610000 - 0x000007fefd6af000 	C:\windows\system32\msvcrt.dll
0x000007fefe780000 - 0x000007fefe79f000 	C:\windows\SYSTEM32\sechost.dll
0x000007fefd4e0000 - 0x000007fefd60d000 	C:\windows\system32\RPCRT4.dll
0x0000000077250000 - 0x000000007734a000 	C:\windows\system32\USER32.dll
0x000007fefcaa0000 - 0x000007fefcb07000 	C:\windows\system32\GDI32.dll
0x000007fefe820000 - 0x000007fefe82e000 	C:\windows\system32\LPK.dll
0x000007fefcfc0000 - 0x000007fefd089000 	C:\windows\system32\USP10.dll
0x000007fefb340000 - 0x000007fefb534000 	C:\windows\WinSxS\amd64_microsoft.windows.common-controls_6595b64144ccf1df_6.0.7601.17514_none_fa396087175ac9ac\COMCTL32.dll
0x000007fefd6c0000 - 0x000007fefd731000 	C:\windows\system32\SHLWAPI.dll
0x000007fefe750000 - 0x000007fefe77e000 	C:\windows\system32\IMM32.DLL
0x000007fefccd0000 - 0x000007fefcdd9000 	C:\windows\system32\MSCTF.dll
0x000000006dbf0000 - 0x000000006dcc1000 	C:\Program Files\Java\jre7\bin\msvcr100.dll
0x000000006aa60000 - 0x000000006b17f000 	C:\Program Files\Java\jre7\bin\server\jvm.dll
0x000007fef8bc0000 - 0x000007fef8bc9000 	C:\windows\system32\WSOCK32.dll
0x000007fefea40000 - 0x000007fefea8d000 	C:\windows\system32\WS2_32.dll
0x000007fefd6b0000 - 0x000007fefd6b8000 	C:\windows\system32\NSI.dll
0x000007fefa590000 - 0x000007fefa5cb000 	C:\windows\system32\WINMM.dll
0x0000000077520000 - 0x0000000077527000 	C:\windows\system32\PSAPI.DLL
0x000000006e180000 - 0x000000006e18f000 	C:\Program Files\Java\jre7\bin\verify.dll
0x000000006dfa0000 - 0x000000006dfc8000 	C:\Program Files\Java\jre7\bin\java.dll
0x000000006e0d0000 - 0x000000006e0e5000 	C:\Program Files\Java\jre7\bin\zip.dll

VM Arguments:
jvm_args: -Dfile.encoding=Cp1252 -Xbootclasspath:C:\Users\Justin\AppData\Local\Android\android-sdk\platforms\android-17\android.jar 
java_command: org.eclipse.jdt.internal.junit.runner.RemoteTestRunner -version 3 -port 2720 -testLoaderClass org.eclipse.jdt.internal.junit.runner.junit3.JUnit3TestLoader -loaderpluginname org.eclipse.jdt.junit.runtime -classNames com.example.medicinereminder.sql.DatabaseAccessTest
Launcher Type: SUN_STANDARD

Environment Variables:
JAVA_HOME=c:\Program Files\Java\
JRE_HOME=C:\Program Files\Java\jre7
CLASSPATH=c:\Python27;c:\Program Files (x86)\Vim\vim73;c:\Program Files\Java\jre7\bin\javaw.exe
PATH=C:\Program Files (x86)\ActiveState Komodo Edit 6\;C:\windows\system32;C:\windows;C:\windows\System32\Wbem;C:\windows\System32\WindowsPowerShell\v1.0\;C:\Python27;C:\MinGW\bin;C:\Program Files (x86)\Microsoft SQL Server\100\Tools\Binn\;C:\Program Files\Microsoft SQL Server\100\Tools\Binn\;C:\Program Files\Microsoft SQL Server\100\DTS\Binn\;c:\Program Files (x86)\Vim\vim73;C:\Program Files (x86)\GtkSharp\2.12\bin;C:\Program Files (x86)\Nmap;C:\Program Files\Java\jre7\bin\javaw.exe
USERNAME=Justin
OS=Windows_NT
PROCESSOR_IDENTIFIER=Intel64 Family 6 Model 37 Stepping 5, GenuineIntel



---------------  S Y S T E M  ---------------

OS: Windows 7 , 64 bit Build 7601 Service Pack 1

CPU:total 4 (2 cores per cpu, 2 threads per core) family 6 model 37 stepping 5, cmov, cx8, fxsr, mmx, sse, sse2, sse3, ssse3, sse4.1, sse4.2, popcnt, ht, tsc, tscinvbit

Memory: 4k page, physical 4051516k(1962684k free), swap 8101184k(5511280k free)

vm_info: Java HotSpot(TM) 64-Bit Server VM (23.7-b01) for windows-amd64 JRE (1.7.0_13-b20), built on Jan 30 2013 10:10:00 by "java_re" with unknown MS VC++:1600

time: Tue Feb 26 14:58:35 2013
elapsed time: 0 seconds

